Build started 2016/12/19 星期一 22:30:40.
     1>Project "E:\desk document\lessons\datamining\project 2_code\ConsoleApplication1\ConsoleApplication1\ConsoleApplication1.vcxproj" on node 2 (Build target(s)).
     1>ClCompile:
         D:\Program Files (x86)\Microsoft Visual Studio 12.0\VC\bin\x86_amd64\CL.exe /c /Zi /nologo /W3 /WX- /sdl- /O2 /Oi /GL /D WIN32 /D NDEBUG /D _CONSOLE /D _LIB /D _UNICODE /D UNICODE /Gm- /EHsc /MD /GS /Gy /fp:precise /Zc:wchar_t /Zc:forScope /Fo"x64\Release\\" /Fd"x64\Release\vc120.pdb" /Gd /TP /errorReport:prompt BinaryFeature.cpp calculateGredientFeat.cpp FullValue.cpp MAIN.cpp resizeChar.cpp sumColValues.cpp sumMatValue.cpp sumVectorValue.cpp
         BinaryFeature.cpp
         calculateGredientFeat.cpp
         FullValue.cpp
         MAIN.cpp
     1>MAIN.cpp(75): warning C4996: 'sprintf': This function or variable may be unsafe. Consider using sprintf_s instead. To disable deprecation, use _CRT_SECURE_NO_WARNINGS. See online help for details.
                 D:\Program Files (x86)\Microsoft Visual Studio 12.0\VC\include\stdio.h(356) : see declaration of 'sprintf'
     1>MAIN.cpp(79): warning C4996: 'sprintf': This function or variable may be unsafe. Consider using sprintf_s instead. To disable deprecation, use _CRT_SECURE_NO_WARNINGS. See online help for details.
                 D:\Program Files (x86)\Microsoft Visual Studio 12.0\VC\include\stdio.h(356) : see declaration of 'sprintf'
     1>MAIN.cpp(209): warning C4996: 'sprintf': This function or variable may be unsafe. Consider using sprintf_s instead. To disable deprecation, use _CRT_SECURE_NO_WARNINGS. See online help for details.
                 D:\Program Files (x86)\Microsoft Visual Studio 12.0\VC\include\stdio.h(356) : see declaration of 'sprintf'
     1>MAIN.cpp(230): warning C4244: '=' : conversion from 'double' to 'float', possible loss of data
     1>MAIN.cpp(282): warning C4996: 'sprintf': This function or variable may be unsafe. Consider using sprintf_s instead. To disable deprecation, use _CRT_SECURE_NO_WARNINGS. See online help for details.
                 D:\Program Files (x86)\Microsoft Visual Studio 12.0\VC\include\stdio.h(356) : see declaration of 'sprintf'
     1>MAIN.cpp(303): warning C4244: '=' : conversion from 'double' to 'float', possible loss of data
     1>MAIN.cpp(39): warning C4930: 'cv::Mat calcGradientFeat(const cv::Mat &)': prototyped function not called (was a variable definition intended?)
         resizeChar.cpp
     1>resizeChar.cpp(55): warning C4554: '&' : check operator precedence for possible error; use parentheses to clarify precedence
     1>resizeChar.cpp(100): warning C4554: '&' : check operator precedence for possible error; use parentheses to clarify precedence
         sumColValues.cpp
         sumMatValue.cpp
         sumVectorValue.cpp
       Link:
         D:\Program Files (x86)\Microsoft Visual Studio 12.0\VC\bin\x86_amd64\link.exe /ERRORREPORT:PROMPT /OUT:"E:\desk document\lessons\datamining\project 2_code\ConsoleApplication1\x64\Release\ConsoleApplication1.exe" /INCREMENTAL:NO /NOLOGO opencv_objdetect2410.lib opencv_ts2410.lib opencv_video2410.lib opencv_nonfree2410.lib opencv_ocl2410.lib opencv_photo2410.lib opencv_stitching2410.lib opencv_superres2410.lib opencv_videostab2410.lib opencv_calib3d2410.lib opencv_contrib2410.lib opencv_core2410.lib opencv_features2d2410.lib opencv_flann2410.lib opencv_gpu2410.lib opencv_highgui2410.lib opencv_imgproc2410.lib opencv_legacy2410.lib opencv_ml2410.lib kernel32.lib user32.lib gdi32.lib winspool.lib comdlg32.lib advapi32.lib shell32.lib ole32.lib oleaut32.lib uuid.lib odbc32.lib odbccp32.lib /MANIFEST /MANIFESTUAC:"level='asInvoker' uiAccess='false'" /manifest:embed /DEBUG /PDB:"E:\desk document\lessons\datamining\project 2_code\ConsoleApplication1\x64\Release\ConsoleApplication1.pdb" /SUBSYSTEM:CONSOLE /OPT:REF /OPT:ICF /LTCG /TLBID:1 /DYNAMICBASE /NXCOMPAT /IMPLIB:"E:\desk document\lessons\datamining\project 2_code\ConsoleApplication1\x64\Release\ConsoleApplication1.lib" /MACHINE:X64 x64\Release\BinaryFeature.obj
         x64\Release\calculateGredientFeat.obj
         x64\Release\FullValue.obj
         x64\Release\MAIN.obj
         x64\Release\resizeChar.obj
         x64\Release\sumColValues.obj
         x64\Release\sumMatValue.obj
         x64\Release\sumVectorValue.obj
         Generating code
         Finished generating code
         ConsoleApplication1.vcxproj -> E:\desk document\lessons\datamining\project 2_code\ConsoleApplication1\x64\Release\ConsoleApplication1.exe
     1>Done Building Project "E:\desk document\lessons\datamining\project 2_code\ConsoleApplication1\ConsoleApplication1\ConsoleApplication1.vcxproj" (Build target(s)).

Build succeeded.

Time Elapsed 00:00:08.26
