Build started 2016/12/19 星期一 22:24:42.
     1>Project "E:\desk document\lessons\datamining\project 2_code\ConsoleApplication1\ConsoleApplication1\ConsoleApplication1.vcxproj" on node 2 (Build target(s)).
     1>ClCompile:
         D:\Program Files (x86)\Microsoft Visual Studio 12.0\VC\bin\CL.exe /c /ZI /nologo /W3 /WX- /sdl /Od /Oy- /D WIN32 /D _DEBUG /D _CONSOLE /D _LIB /D _UNICODE /D UNICODE /Gm /EHsc /RTC1 /MDd /GS /fp:precise /Zc:wchar_t /Zc:forScope /Fo"Debug\\" /Fd"Debug\vc120.pdb" /Gd /TP /analyze- /errorReport:prompt /D _CRT_SECURE_NO_WARNINGS BinaryFeature.cpp calculateGredientFeat.cpp FullValue.cpp MAIN.cpp resizeChar.cpp sumColValues.cpp sumMatValue.cpp sumVectorValue.cpp
         sumVectorValue.cpp
         sumMatValue.cpp
         sumColValues.cpp
         resizeChar.cpp
     1>e:\desk document\lessons\datamining\project 2_code\consoleapplication1\consoleapplication1\resizechar.cpp(55): warning C4554: '&' : check operator precedence for possible error; use parentheses to clarify precedence
     1>e:\desk document\lessons\datamining\project 2_code\consoleapplication1\consoleapplication1\resizechar.cpp(100): warning C4554: '&' : check operator precedence for possible error; use parentheses to clarify precedence
         MAIN.cpp
     1>e:\desk document\lessons\datamining\project 2_code\consoleapplication1\consoleapplication1\main.cpp(230): warning C4244: '=' : conversion from 'double' to 'float', possible loss of data
     1>e:\desk document\lessons\datamining\project 2_code\consoleapplication1\consoleapplication1\main.cpp(303): warning C4244: '=' : conversion from 'double' to 'float', possible loss of data
     1>e:\desk document\lessons\datamining\project 2_code\consoleapplication1\consoleapplication1\main.cpp(39): warning C4930: 'cv::Mat calcGradientFeat(const cv::Mat &)': prototyped function not called (was a variable definition intended?)
         FullValue.cpp
         calculateGredientFeat.cpp
         BinaryFeature.cpp
         Generating Code...
       Link:
         D:\Program Files (x86)\Microsoft Visual Studio 12.0\VC\bin\link.exe /ERRORREPORT:PROMPT /OUT:"E:\desk document\lessons\datamining\project 2_code\ConsoleApplication1\Debug\ConsoleApplication1.exe" /INCREMENTAL /NOLOGO opencv_ml2410d.lib opencv_calib3d2410d.lib opencv_contrib2410d.lib opencv_core2410d.lib opencv_features2d2410d.lib opencv_flann2410d.lib opencv_gpu2410d.lib opencv_highgui2410d.lib opencv_imgproc2410d.lib opencv_legacy2410d.lib opencv_objdetect2410d.lib opencv_ts2410d.lib opencv_video2410d.lib opencv_nonfree2410d.lib opencv_ocl2410d.lib opencv_photo2410d.lib opencv_stitching2410d.lib opencv_superres2410d.lib opencv_videostab2410d.lib kernel32.lib user32.lib gdi32.lib winspool.lib comdlg32.lib advapi32.lib shell32.lib ole32.lib oleaut32.lib uuid.lib odbc32.lib odbccp32.lib /MANIFEST /MANIFESTUAC:"level='asInvoker' uiAccess='false'" /manifest:embed /DEBUG /PDB:"E:\desk document\lessons\datamining\project 2_code\ConsoleApplication1\Debug\ConsoleApplication1.pdb" /SUBSYSTEM:CONSOLE /TLBID:1 /DYNAMICBASE /NXCOMPAT /IMPLIB:"E:\desk document\lessons\datamining\project 2_code\ConsoleApplication1\Debug\ConsoleApplication1.lib" /MACHINE:X86 Debug\BinaryFeature.obj
         Debug\calculateGredientFeat.obj
         Debug\FullValue.obj
         Debug\MAIN.obj
         Debug\resizeChar.obj
         Debug\sumColValues.obj
         Debug\sumMatValue.obj
         Debug\sumVectorValue.obj
         ConsoleApplication1.vcxproj -> E:\desk document\lessons\datamining\project 2_code\ConsoleApplication1\Debug\ConsoleApplication1.exe
     1>Done Building Project "E:\desk document\lessons\datamining\project 2_code\ConsoleApplication1\ConsoleApplication1\ConsoleApplication1.vcxproj" (Build target(s)).

Build succeeded.

Time Elapsed 00:00:10.08
